[ 2018-08-20T09:24:29+08:00 ] 127.0.0.1 /index.php
INFO: [ app_init ] --START--
INFO: Run Behavior\BuildLiteBehavior [ RunTime:0.000174s ]
INFO: [ app_init ] --END-- [ RunTime:0.001418s ]
INFO: [ app_begin ] --START--
INFO: Run Behavior\ReadHtmlCacheBehavior [ RunTime:0.001546s ]
INFO: [ app_begin ] --END-- [ RunTime:0.002467s ]
INFO: [ view_parse ] --START--
INFO: Run Behavior\ParseTemplateBehavior [ RunTime:0.001935s ]
INFO: [ view_parse ] --END-- [ RunTime:0.003076s ]
INFO: [ view_filter ] --START--
INFO: Run Behavior\WriteHtmlCacheBehavior [ RunTime:0.001074s ]
INFO: [ view_filter ] --END-- [ RunTime:0.001850s ]
INFO: [ app_end ] --START--
INFO: Run Behavior\ShowPageTraceBehavior [ RunTime:0.001326s ]
INFO: [ app_end ] --END-- [ RunTime:0.002099s ]

[ 2018-08-20T16:27:54+08:00 ] 127.0.0.1 /index.php
INFO: [ app_init ] --START--
INFO: Run Behavior\BuildLiteBehavior [ RunTime:0.000221s ]
INFO: [ app_init ] --END-- [ RunTime:0.001972s ]
INFO: [ app_begin ] --START--
INFO: Run Behavior\ReadHtmlCacheBehavior [ RunTime:0.001461s ]
INFO: [ app_begin ] --END-- [ RunTime:0.002581s ]
INFO: [ view_parse ] --START--
INFO: Run Behavior\ParseTemplateBehavior [ RunTime:0.002125s ]
INFO: [ view_parse ] --END-- [ RunTime:0.002930s ]
INFO: [ view_filter ] --START--
INFO: Run Behavior\WriteHtmlCacheBehavior [ RunTime:0.001168s ]
INFO: [ view_filter ] --END-- [ RunTime:0.002035s ]
INFO: [ app_end ] --START--
INFO: Run Behavior\ShowPageTraceBehavior [ RunTime:0.001318s ]
INFO: [ app_end ] --END-- [ RunTime:0.002120s ]

